#
# There is insufficient memory for the Java Runtime Environment to continue.
# Native memory allocation (malloc) failed to allocate 32744 bytes for Chunk::new
# Possible reasons:
#   The system is out of physical RAM or swap space
#   The process is running with CompressedOops enabled, and the Java Heap may be blocking the growth of the native heap
# Possible solutions:
#   Reduce memory load on the system
#   Increase physical memory or swap space
#   Check if swap backing store is full
#   Decrease Java heap size (-Xmx/-Xms)
#   Decrease number of Java threads
#   Decrease Java thread stack sizes (-Xss)
#   Set larger code cache with -XX:ReservedCodeCacheSize=
#   JVM is running with Zero Based Compressed Oops mode in which the Java heap is
#     placed in the first 32GB address space. The Java Heap base address is the
#     maximum limit for the native heap growth. Please use -XX:HeapBaseMinAddress
#     to set the Java Heap base and to place the Java Heap above 32GB virtual address.
# This output file may be truncated or incomplete.
#
#  Out of Memory Error (arena.cpp:184), pid=12804, tid=4844
#
# JRE version: Java(TM) SE Runtime Environment (18.0+36) (build 18+36-2087)
# Java VM: Java HotSpot(TM) 64-Bit Server VM (18+36-2087, mixed mode, sharing, tiered, compressed oops, compressed class ptrs, g1 gc, windows-amd64)
# No core dump will be written. Minidumps are not enabled by default on client versions of Windows
#

---------------  S U M M A R Y ------------

Command Line: -Dfile.encoding=UTF-8 -XX:+ShowCodeDetailsInExceptionMessages com.pro.api.GharDekhoApiApplication

Host: Intel(R) Core(TM) i3-10110U CPU @ 2.10GHz, 4 cores, 11G,  Windows 10 , 64 bit Build 19041 (10.0.19041.2546)
Time: Wed Apr 19 01:47:06 2023 India Standard Time elapsed time: 52.854726 seconds (0d 0h 0m 52s)

---------------  T H R E A D  ---------------

Current thread (0x000002546ada1050):  JavaThread "C2 CompilerThread0" daemon [_thread_in_native, id=4844, stack(0x000000e5c5b00000,0x000000e5c5c00000)]


Current CompileTask:
C2:  52854 6538       4       org.springframework.core.ResolvableType::as (86 bytes)

Stack: [0x000000e5c5b00000,0x000000e5c5c00000]
Native frames: (J=compiled Java code, j=interpreted, Vv=VM code, C=native code)
V  [jvm.dll+0x69804a]
V  [jvm.dll+0x7f308d]
V  [jvm.dll+0x7f499e]
V  [jvm.dll+0x7f5053]
V  [jvm.dll+0x25ca3f]
V  [jvm.dll+0xb8c2f]
V  [jvm.dll+0xb8fa5]
V  [jvm.dll+0x677d76]
V  [jvm.dll+0x838ec]
V  [jvm.dll+0x360eb7]
V  [jvm.dll+0x366585]
V  [jvm.dll+0x36a34a]
V  [jvm.dll+0x1bc8c1]
V  [jvm.dll+0x1bda26]
V  [jvm.dll+0x2c6b58]
V  [jvm.dll+0x6b02de]
V  [jvm.dll+0x6a840b]
V  [jvm.dll+0x6a7a45]
V  [jvm.dll+0x6a58fb]
V  [jvm.dll+0x1bce5c]
V  [jvm.dll+0x22ebb8]
V  [jvm.dll+0x1b9cfc]
V  [jvm.dll+0x23e8ca]
V  [jvm.dll+0x23cbac]
V  [jvm.dll+0x7a5781]
V  [jvm.dll+0x79fbba]
V  [jvm.dll+0x696ef5]
C  [ucrtbase.dll+0x21bb2]
C  [KERNEL32.DLL+0x17614]
C  [ntdll.dll+0x526a1]


---------------  P R O C E S S  ---------------

Threads class SMR info:
_java_thread_list=0x0000025472252410, length=19, elements={
0x000002546ad82880, 0x000002546ad83dc0, 0x000002546ad9d780, 0x000002546ad9f040,
0x000002546ad9f9e0, 0x000002546ada0380, 0x000002546ada1050, 0x000002546ae0bad0,
0x000002546ae280b0, 0x000002546f073940, 0x000002546f07ddc0, 0x000002547045ac30,
0x0000025470458f50, 0x00000254704585b0, 0x000002547045a290, 0x00000254735a6460,
0x00000254735a9950, 0x00000254735a8fb0, 0x000002546fe8a2d0
}

Java Threads: ( => current thread )
  0x000002546ad82880 JavaThread "Reference Handler" daemon [_thread_blocked, id=14980, stack(0x000000e5c5500000,0x000000e5c5600000)]
  0x000002546ad83dc0 JavaThread "Finalizer" daemon [_thread_blocked, id=5508, stack(0x000000e5c5600000,0x000000e5c5700000)]
  0x000002546ad9d780 JavaThread "Signal Dispatcher" daemon [_thread_blocked, id=4276, stack(0x000000e5c5700000,0x000000e5c5800000)]
  0x000002546ad9f040 JavaThread "Attach Listener" daemon [_thread_blocked, id=9824, stack(0x000000e5c5800000,0x000000e5c5900000)]
  0x000002546ad9f9e0 JavaThread "Service Thread" daemon [_thread_blocked, id=2532, stack(0x000000e5c5900000,0x000000e5c5a00000)]
  0x000002546ada0380 JavaThread "Monitor Deflation Thread" daemon [_thread_blocked, id=12744, stack(0x000000e5c5a00000,0x000000e5c5b00000)]
=>0x000002546ada1050 JavaThread "C2 CompilerThread0" daemon [_thread_in_native, id=4844, stack(0x000000e5c5b00000,0x000000e5c5c00000)]
  0x000002546ae0bad0 JavaThread "C1 CompilerThread0" daemon [_thread_blocked, id=10436, stack(0x000000e5c5c00000,0x000000e5c5d00000)]
  0x000002546ae280b0 JavaThread "Sweeper thread" daemon [_thread_blocked, id=15248, stack(0x000000e5c5d00000,0x000000e5c5e00000)]
  0x000002546f073940 JavaThread "Notification Thread" daemon [_thread_blocked, id=15972, stack(0x000000e5c5e00000,0x000000e5c5f00000)]
  0x000002546f07ddc0 JavaThread "Common-Cleaner" daemon [_thread_blocked, id=3036, stack(0x000000e5c6000000,0x000000e5c6100000)]
  0x000002547045ac30 JavaThread "mysql-cj-abandoned-connection-cleanup" daemon [_thread_blocked, id=8368, stack(0x000000e5c6600000,0x000000e5c6700000)]
  0x0000025470458f50 JavaThread "Catalina-utility-1" [_thread_blocked, id=14592, stack(0x000000e5c6b00000,0x000000e5c6c00000)]
  0x00000254704585b0 JavaThread "Catalina-utility-2" [_thread_blocked, id=11804, stack(0x000000e5c6c00000,0x000000e5c6d00000)]
  0x000002547045a290 JavaThread "Live Reload Server" daemon [_thread_in_native, id=8120, stack(0x000000e5c7000000,0x000000e5c7100000)]
  0x00000254735a6460 JavaThread "DestroyJavaVM" [_thread_blocked, id=10868, stack(0x000000e5c4e00000,0x000000e5c4f00000)]
  0x00000254735a9950 JavaThread "Thread-5" [_thread_blocked, id=13004, stack(0x000000e5c6700000,0x000000e5c6800000)]
  0x00000254735a8fb0 JavaThread "restartedMain" [_thread_in_native, id=72, stack(0x000000e5c6a00000,0x000000e5c6b00000)]
  0x000002546fe8a2d0 JavaThread "C2 CompilerThread1" daemon [_thread_in_native, id=7808, stack(0x000000e5c6900000,0x000000e5c6a00000)]

Other Threads:
  0x00000254490bdcb0 VMThread "VM Thread" [stack: 0x000000e5c5400000,0x000000e5c5500000] [id=9240]
  0x00000254490aedf0 WatcherThread "VM Periodic Task Thread" [stack: 0x000000e5c5f00000,0x000000e5c6000000] [id=9572]
  0x00000254490580d0 WorkerThread "GC Thread#0" [stack: 0x000000e5c4f00000,0x000000e5c5000000] [id=4820]
  0x000002546f9ad630 WorkerThread "GC Thread#1" [stack: 0x000000e5c6100000,0x000000e5c6200000] [id=9388]
  0x000002546f8667f0 WorkerThread "GC Thread#2" [stack: 0x000000e5c6200000,0x000000e5c6300000] [id=14364]
  0x000002546f866a90 WorkerThread "GC Thread#3" [stack: 0x000000e5c6300000,0x000000e5c6400000] [id=6472]
  0x0000025449064d80 ConcurrentGCThread "G1 Main Marker" [stack: 0x000000e5c5000000,0x000000e5c5100000] [id=16368]
  0x0000025449066780 WorkerThread "G1 Conc#0" [stack: 0x000000e5c5100000,0x000000e5c5200000] [id=5672]
  0x00000254490992a0 ConcurrentGCThread "G1 Refine#0" [stack: 0x000000e5c5200000,0x000000e5c5300000] [id=6300]
  0x000002544909a350 ConcurrentGCThread "G1 Service" [stack: 0x000000e5c5300000,0x000000e5c5400000] [id=8580]

Threads with active compile tasks:
C2 CompilerThread0    52875 6538       4       org.springframework.core.ResolvableType::as (86 bytes)
C2 CompilerThread1    52875 6544       4       org.springframework.core.ResolvableType::resolveType (146 bytes)

VM state: not at safepoint (normal execution)

VM Mutex/Monitor currently owned by a thread: None

Heap address: 0x0000000742800000, size: 3032 MB, Compressed Oops mode: Zero based, Oop shift amount: 3

CDS archive(s) mapped at: [0x0000000800000000-0x0000000800ba0000-0x0000000800ba0000), size 12189696, SharedBaseAddress: 0x0000000800000000, ArchiveRelocationMode: 0.
Compressed class space mapped at: 0x0000000800c00000-0x0000000840c00000, reserved size: 1073741824
Narrow klass base: 0x0000000800000000, Narrow klass shift: 0, Narrow klass range: 0x100000000

GC Precious Log:
 CardTable entry size: 512
 Card Set container configuration: InlinePtr #cards 4 size 8 Array Of Cards #cards 16 size 48 Howl #buckets 8 coarsen threshold 3686 Howl Bitmap #cards 512 size 80 coarsen threshold 460 Card regions per heap region 1 cards per card region 4096
 CPUs: 4 total, 4 available
 Memory: 12122M
 Large Page Support: Disabled
 NUMA Support: Disabled
 Compressed Oops: Enabled (Zero based)
 Heap Region Size: 2M
 Heap Min Capacity: 8M
 Heap Initial Capacity: 190M
 Heap Max Capacity: 3032M
 Pre-touch: Disabled
 Parallel Workers: 4
 Concurrent Workers: 1
 Concurrent Refinement Workers: 4
 Periodic GC: Disabled

Heap:
 garbage-first heap   total 69632K, used 40306K [0x0000000742800000, 0x0000000800000000)
  region size 2048K, 9 young (18432K), 0 survivors (0K)
 Metaspace       used 64651K, committed 65344K, reserved 1114112K
  class space    used 8698K, committed 9024K, reserved 1048576K

Heap Regions: E=young(eden), S=young(survivor), O=old, HS=humongous(starts), HC=humongous(continues), CS=collection set, F=free, OA=open archive, CA=closed archive, TAMS=top-at-mark-start (previous, next)
|   0|0x0000000742800000, 0x0000000742a00000, 0x0000000742a00000|100%| O|  |TAMS 0x0000000742a00000, 0x0000000742800000| Untracked 
|   1|0x0000000742a00000, 0x0000000742c00000, 0x0000000742c00000|100%| O|  |TAMS 0x0000000742a00000, 0x0000000742a00000| Untracked 
|   2|0x0000000742c00000, 0x0000000742dffff8, 0x0000000742e00000| 99%| O|  |TAMS 0x0000000742c00000, 0x0000000742c00000| Untracked 
|   3|0x0000000742e00000, 0x0000000742ffffe8, 0x0000000743000000| 99%| O|  |TAMS 0x0000000742e00000, 0x0000000742e00000| Untracked 
|   4|0x0000000743000000, 0x00000007431ffff8, 0x0000000743200000| 99%| O|  |TAMS 0x0000000743000000, 0x0000000743000000| Untracked 
|   5|0x0000000743200000, 0x00000007433fffe8, 0x0000000743400000| 99%| O|  |TAMS 0x0000000743200000, 0x0000000743200000| Untracked 
|   6|0x0000000743400000, 0x00000007435fe4c0, 0x0000000743600000| 99%| O|  |TAMS 0x0000000743400000, 0x0000000743400000| Untracked 
|   7|0x0000000743600000, 0x00000007437fffa8, 0x0000000743800000| 99%| O|  |TAMS 0x0000000743600000, 0x0000000743600000| Untracked 
|   8|0x0000000743800000, 0x00000007439ffff8, 0x0000000743a00000| 99%| O|  |TAMS 0x0000000743800000, 0x0000000743800000| Untracked 
|   9|0x0000000743a00000, 0x0000000743bfffd8, 0x0000000743c00000| 99%| O|  |TAMS 0x0000000743a00000, 0x0000000743a00000| Untracked 
|  10|0x0000000743c00000, 0x0000000743e00000, 0x0000000743e00000|100%| O|  |TAMS 0x0000000743c00000, 0x0000000743c00000| Untracked 
|  11|0x0000000743e00000, 0x0000000743ee8938, 0x0000000744000000| 45%| O|  |TAMS 0x0000000743e00000, 0x0000000743e00000| Untracked 
|  12|0x0000000744000000, 0x0000000744000000, 0x0000000744200000|  0%| F|  |TAMS 0x0000000744000000, 0x0000000744000000| Untracked 
|  13|0x0000000744200000, 0x0000000744200000, 0x0000000744400000|  0%| F|  |TAMS 0x0000000744200000, 0x0000000744200000| Untracked 
|  14|0x0000000744400000, 0x0000000744400000, 0x0000000744600000|  0%| F|  |TAMS 0x0000000744400000, 0x0000000744400000| Untracked 
|  15|0x0000000744600000, 0x0000000744600000, 0x0000000744800000|  0%| F|  |TAMS 0x0000000744600000, 0x0000000744600000| Untracked 
|  16|0x0000000744800000, 0x0000000744800000, 0x0000000744a00000|  0%| F|  |TAMS 0x0000000744800000, 0x0000000744800000| Untracked 
|  17|0x0000000744a00000, 0x0000000744a00000, 0x0000000744c00000|  0%| F|  |TAMS 0x0000000744a00000, 0x0000000744a00000| Untracked 
|  18|0x0000000744c00000, 0x0000000744c75b50, 0x0000000744e00000| 22%| O|  |TAMS 0x0000000744c00000, 0x0000000744c00000| Untracked 
|  19|0x0000000744e00000, 0x0000000744e00000, 0x0000000745000000|  0%| F|  |TAMS 0x0000000744e00000, 0x0000000744e00000| Untracked 
|  20|0x0000000745000000, 0x0000000745000000, 0x0000000745200000|  0%| F|  |TAMS 0x0000000745000000, 0x0000000745000000| Untracked 
|  21|0x0000000745200000, 0x0000000745200000, 0x0000000745400000|  0%| F|  |TAMS 0x0000000745200000, 0x0000000745200000| Untracked 
|  22|0x0000000745400000, 0x0000000745400000, 0x0000000745600000|  0%| F|  |TAMS 0x0000000745400000, 0x0000000745400000| Untracked 
|  23|0x0000000745600000, 0x0000000745600000, 0x0000000745800000|  0%| F|  |TAMS 0x0000000745600000, 0x0000000745600000| Untracked 
|  24|0x0000000745800000, 0x0000000745824600, 0x0000000745a00000|  7%| E|  |TAMS 0x0000000745800000, 0x0000000745800000| Complete 
|  25|0x0000000745a00000, 0x0000000745c00000, 0x0000000745c00000|100%| E|CS|TAMS 0x0000000745a00000, 0x0000000745a00000| Complete 
|  26|0x0000000745c00000, 0x0000000745e00000, 0x0000000745e00000|100%| E|CS|TAMS 0x0000000745c00000, 0x0000000745c00000| Complete 
|  27|0x0000000745e00000, 0x0000000746000000, 0x0000000746000000|100%| E|CS|TAMS 0x0000000745e00000, 0x0000000745e00000| Complete 
|  28|0x0000000746000000, 0x0000000746200000, 0x0000000746200000|100%| E|CS|TAMS 0x0000000746000000, 0x0000000746000000| Complete 
|  60|0x000000074a000000, 0x000000074a200000, 0x000000074a200000|100%| E|CS|TAMS 0x000000074a000000, 0x000000074a000000| Complete 
|  61|0x000000074a200000, 0x000000074a400000, 0x000000074a400000|100%| E|CS|TAMS 0x000000074a200000, 0x000000074a200000| Complete 
|  62|0x000000074a400000, 0x000000074a600000, 0x000000074a600000|100%| E|CS|TAMS 0x000000074a400000, 0x000000074a400000| Complete 
|  63|0x000000074a600000, 0x000000074a800000, 0x000000074a800000|100%| E|CS|TAMS 0x000000074a600000, 0x000000074a600000| Complete 
|  94|0x000000074e400000, 0x000000074e600000, 0x000000074e600000|100%| E|CS|TAMS 0x000000074e400000, 0x000000074e400000| Complete 

Card table byte_map: [0x0000025461d40000,0x0000025462330000] _byte_map_base: 0x000002545e32c000

Marking Bits (Prev, Next): (CMBitMap*) 0x00000254490586d0, (CMBitMap*) 0x0000025449058710
 Prev Bits: [0x0000025462920000, 0x0000025465880000)
 Next Bits: [0x0000025465880000, 0x00000254687e0000)

Polling page: 0x00000254490c0000

Metaspace:

Usage:
  Non-class:     54.64 MB used.
      Class:      8.49 MB used.
       Both:     63.14 MB used.

Virtual space:
  Non-class space:       64.00 MB reserved,      55.00 MB ( 86%) committed,  1 nodes.
      Class space:        1.00 GB reserved,       8.81 MB ( <1%) committed,  1 nodes.
             Both:        1.06 GB reserved,      63.81 MB (  6%) committed. 

Chunk freelists:
   Non-Class:  368.00 KB
       Class:  3.16 MB
        Both:  3.52 MB

MaxMetaspaceSize: unlimited
CompressedClassSpaceSize: 1.00 GB
Initial GC threshold: 21.00 MB
Current GC threshold: 106.06 MB
CDS: on
MetaspaceReclaimPolicy: balanced
 - commit_granule_bytes: 65536.
 - commit_granule_words: 8192.
 - virtual_space_node_default_size: 8388608.
 - enlarge_chunks_in_place: 1.
 - new_chunks_are_fully_committed: 0.
 - uncommit_free_chunks: 1.
 - use_allocation_guard: 0.


Internal statistics:

num_allocs_failed_limit: 12.
num_arena_births: 866.
num_arena_deaths: 2.
num_vsnodes_births: 2.
num_vsnodes_deaths: 0.
num_space_committed: 1021.
num_space_uncommitted: 0.
num_chunks_returned_to_freelist: 15.
num_chunks_taken_from_freelist: 3080.
num_chunk_merges: 12.
num_chunk_splits: 2236.
num_chunks_enlarged: 1783.
num_inconsistent_stats: 0.

CodeHeap 'non-profiled nmethods': size=120000Kb used=3403Kb max_used=3403Kb free=116596Kb
 bounds [0x0000025459c00000, 0x0000025459f60000, 0x0000025461130000]
CodeHeap 'profiled nmethods': size=120000Kb used=11540Kb max_used=11540Kb free=108459Kb
 bounds [0x00000254526d0000, 0x0000025453220000, 0x0000025459c00000]
CodeHeap 'non-nmethods': size=5760Kb used=1364Kb max_used=1501Kb free=4396Kb
 bounds [0x0000025452130000, 0x00000254523a0000, 0x00000254526d0000]
 total_blobs=6381 nmethods=5696 adapters=597
 compilation: enabled
              stopped_count=0, restarted_count=0
 full_count=0

Compilation events (20 events):
Event: 52.818 Thread 0x000002546ada1050 nmethod 6537 0x0000025459f50b10 code [0x0000025459f50ca0, 0x0000025459f51498]
Event: 52.818 Thread 0x000002546ada1050 6538       4       org.springframework.core.ResolvableType::as (86 bytes)
Event: 52.820 Thread 0x000002546ae0bad0 6550       3       org.springframework.context.annotation.ConfigurationClassBeanDefinitionReader$TrackedConditionEvaluator::shouldSkip (128 bytes)
Event: 52.820 Thread 0x000002546ae0bad0 nmethod 6550 0x000002545320b410 code [0x000002545320b6a0, 0x000002545320c3d8]
Event: 52.822 Thread 0x000002546ae0bad0 6551       1       org.springframework.context.annotation.ScopeMetadata::getScopeName (5 bytes)
Event: 52.822 Thread 0x000002546ae0bad0 nmethod 6551 0x0000025459f51790 code [0x0000025459f51920, 0x0000025459f519f8]
Event: 52.822 Thread 0x000002546ae0bad0 6552       1       org.springframework.context.annotation.ScopeMetadata::getScopedProxyMode (5 bytes)
Event: 52.822 Thread 0x000002546ae0bad0 nmethod 6552 0x0000025459f51a90 code [0x0000025459f51c20, 0x0000025459f51cf8]
Event: 52.823 Thread 0x000002546ae0bad0 6553       1       org.springframework.context.annotation.ConfigurationClass::getBeanMethods (5 bytes)
Event: 52.823 Thread 0x000002546ae0bad0 nmethod 6553 0x0000025459f51d90 code [0x0000025459f51f20, 0x0000025459f51ff8]
Event: 52.823 Thread 0x000002546ae0bad0 6554       1       org.springframework.context.annotation.ConfigurationClass::getImportedResources (5 bytes)
Event: 52.823 Thread 0x000002546ae0bad0 nmethod 6554 0x0000025459f52090 code [0x0000025459f52220, 0x0000025459f522f8]
Event: 52.823 Thread 0x000002546ae0bad0 6555       1       org.springframework.context.annotation.ConfigurationClass::getImportBeanDefinitionRegistrars (5 bytes)
Event: 52.823 Thread 0x000002546ae0bad0 nmethod 6555 0x0000025459f52390 code [0x0000025459f52520, 0x0000025459f525f8]
Event: 52.839 Thread 0x000002546ae0bad0 6556       3       java.util.stream.ReferencePipeline::toArray (10 bytes)
Event: 52.839 Thread 0x000002546ae0bad0 nmethod 6556 0x000002545320c790 code [0x000002545320c980, 0x000002545320cda8]
Event: 52.839 Thread 0x000002546ae0bad0 6557       3       java.util.stream.ReferencePipeline$$Lambda$16/0x0000000800c5ca88::apply (5 bytes)
Event: 52.840 Thread 0x000002546ae0bad0 nmethod 6557 0x000002545320cf10 code [0x000002545320d0a0, 0x000002545320d298]
Event: 52.840 Thread 0x000002546ae0bad0 6558       3       java.util.stream.ReferencePipeline::lambda$toArray$0 (5 bytes)
Event: 52.840 Thread 0x000002546ae0bad0 nmethod 6558 0x000002545320d390 code [0x000002545320d520, 0x000002545320d6b8]

GC Heap History (20 events):
Event: 5.972 GC heap before
{Heap before GC invocations=7 (full 0):
 garbage-first heap   total 55296K, used 34323K [0x0000000742800000, 0x0000000800000000)
  region size 2048K, 10 young (20480K), 1 survivors (2048K)
 Metaspace       used 29408K, committed 29888K, reserved 1114112K
  class space    used 3673K, committed 3904K, reserved 1048576K
}
Event: 5.975 GC heap after
{Heap after GC invocations=8 (full 0):
 garbage-first heap   total 55296K, used 16832K [0x0000000742800000, 0x0000000800000000)
  region size 2048K, 1 young (2048K), 1 survivors (2048K)
 Metaspace       used 29408K, committed 29888K, reserved 1114112K
  class space    used 3673K, committed 3904K, reserved 1048576K
}
Event: 6.465 GC heap before
{Heap before GC invocations=8 (full 0):
 garbage-first heap   total 55296K, used 33216K [0x0000000742800000, 0x0000000800000000)
  region size 2048K, 11 young (22528K), 1 survivors (2048K)
 Metaspace       used 35526K, committed 35968K, reserved 1114112K
  class space    used 4512K, committed 4736K, reserved 1048576K
}
Event: 6.469 GC heap after
{Heap after GC invocations=9 (full 0):
 garbage-first heap   total 55296K, used 18242K [0x0000000742800000, 0x0000000800000000)
  region size 2048K, 2 young (4096K), 2 survivors (4096K)
 Metaspace       used 35526K, committed 35968K, reserved 1114112K
  class space    used 4512K, committed 4736K, reserved 1048576K
}
Event: 7.191 GC heap before
{Heap before GC invocations=10 (full 0):
 garbage-first heap   total 55296K, used 38722K [0x0000000742800000, 0x0000000800000000)
  region size 2048K, 12 young (24576K), 2 survivors (4096K)
 Metaspace       used 42675K, committed 43136K, reserved 1114112K
  class space    used 5422K, committed 5632K, reserved 1048576K
}
Event: 7.197 GC heap after
{Heap after GC invocations=11 (full 0):
 garbage-first heap   total 55296K, used 20006K [0x0000000742800000, 0x0000000800000000)
  region size 2048K, 2 young (4096K), 2 survivors (4096K)
 Metaspace       used 42675K, committed 43136K, reserved 1114112K
  class space    used 5422K, committed 5632K, reserved 1048576K
}
Event: 7.717 GC heap before
{Heap before GC invocations=11 (full 0):
 garbage-first heap   total 55296K, used 38438K [0x0000000742800000, 0x0000000800000000)
  region size 2048K, 11 young (22528K), 2 survivors (4096K)
 Metaspace       used 47526K, committed 48064K, reserved 1114112K
  class space    used 6102K, committed 6400K, reserved 1048576K
}
Event: 7.723 GC heap after
{Heap after GC invocations=12 (full 0):
 garbage-first heap   total 55296K, used 21318K [0x0000000742800000, 0x0000000800000000)
  region size 2048K, 2 young (4096K), 2 survivors (4096K)
 Metaspace       used 47526K, committed 48064K, reserved 1114112K
  class space    used 6102K, committed 6400K, reserved 1048576K
}
Event: 8.179 GC heap before
{Heap before GC invocations=12 (full 0):
 garbage-first heap   total 55296K, used 39750K [0x0000000742800000, 0x0000000800000000)
  region size 2048K, 11 young (22528K), 2 survivors (4096K)
 Metaspace       used 51765K, committed 52352K, reserved 1114112K
  class space    used 6799K, committed 7104K, reserved 1048576K
}
Event: 8.184 GC heap after
{Heap after GC invocations=13 (full 0):
 garbage-first heap   total 55296K, used 22000K [0x0000000742800000, 0x0000000800000000)
  region size 2048K, 1 young (2048K), 1 survivors (2048K)
 Metaspace       used 51765K, committed 52352K, reserved 1114112K
  class space    used 6799K, committed 7104K, reserved 1048576K
}
Event: 8.727 GC heap before
{Heap before GC invocations=13 (full 0):
 garbage-first heap   total 55296K, used 42480K [0x0000000742800000, 0x0000000800000000)
  region size 2048K, 11 young (22528K), 1 survivors (2048K)
 Metaspace       used 55874K, committed 56512K, reserved 1114112K
  class space    used 7336K, committed 7616K, reserved 1048576K
}
Event: 8.732 GC heap after
{Heap after GC invocations=14 (full 0):
 garbage-first heap   total 55296K, used 23497K [0x0000000742800000, 0x0000000800000000)
  region size 2048K, 2 young (4096K), 2 survivors (4096K)
 Metaspace       used 55874K, committed 56512K, reserved 1114112K
  class space    used 7336K, committed 7616K, reserved 1048576K
}
Event: 9.071 GC heap before
{Heap before GC invocations=14 (full 0):
 garbage-first heap   total 55296K, used 41929K [0x0000000742800000, 0x0000000800000000)
  region size 2048K, 11 young (22528K), 2 survivors (4096K)
 Metaspace       used 59345K, committed 59968K, reserved 1114112K
  class space    used 7885K, committed 8192K, reserved 1048576K
}
Event: 9.077 GC heap after
{Heap after GC invocations=15 (full 0):
 garbage-first heap   total 55296K, used 24778K [0x0000000742800000, 0x0000000800000000)
  region size 2048K, 2 young (4096K), 2 survivors (4096K)
 Metaspace       used 59345K, committed 59968K, reserved 1114112K
  class space    used 7885K, committed 8192K, reserved 1048576K
}
Event: 9.264 GC heap before
{Heap before GC invocations=15 (full 0):
 garbage-first heap   total 55296K, used 37066K [0x0000000742800000, 0x0000000800000000)
  region size 2048K, 9 young (18432K), 2 survivors (4096K)
 Metaspace       used 60278K, committed 60800K, reserved 1114112K
  class space    used 8056K, committed 8320K, reserved 1048576K
}
Event: 9.270 GC heap after
{Heap after GC invocations=16 (full 0):
 garbage-first heap   total 69632K, used 25282K [0x0000000742800000, 0x0000000800000000)
  region size 2048K, 1 young (2048K), 1 survivors (2048K)
 Metaspace       used 60278K, committed 60800K, reserved 1114112K
  class space    used 8056K, committed 8320K, reserved 1048576K
}
Event: 10.067 GC heap before
{Heap before GC invocations=17 (full 0):
 garbage-first heap   total 69632K, used 53954K [0x0000000742800000, 0x0000000800000000)
  region size 2048K, 15 young (30720K), 1 survivors (2048K)
 Metaspace       used 62920K, committed 63552K, reserved 1114112K
  class space    used 8484K, committed 8768K, reserved 1048576K
}
Event: 10.073 GC heap after
{Heap after GC invocations=18 (full 0):
 garbage-first heap   total 69632K, used 27330K [0x0000000742800000, 0x0000000800000000)
  region size 2048K, 2 young (4096K), 2 survivors (4096K)
 Metaspace       used 62920K, committed 63552K, reserved 1114112K
  class space    used 8484K, committed 8768K, reserved 1048576K
}
Event: 51.908 GC heap before
{Heap before GC invocations=18 (full 0):
 garbage-first heap   total 69632K, used 43714K [0x0000000742800000, 0x0000000800000000)
  region size 2048K, 11 young (22528K), 2 survivors (4096K)
 Metaspace       used 64481K, committed 65152K, reserved 1114112K
  class space    used 8692K, committed 9024K, reserved 1048576K
}
Event: 51.980 GC heap after
{Heap after GC invocations=19 (full 1):
 garbage-first heap   total 69632K, used 23922K [0x0000000742800000, 0x0000000800000000)
  region size 2048K, 0 young (0K), 0 survivors (0K)
 Metaspace       used 64478K, committed 65152K, reserved 1114112K
  class space    used 8692K, committed 9024K, reserved 1048576K
}

Deoptimization events (20 events):
Event: 52.766 Thread 0x00000254735a8fb0 Uncommon trap: trap_request=0xffffffde fr.pc=0x0000025459c7bc10 relative=0x0000000000000830
Event: 52.766 Thread 0x00000254735a8fb0 Uncommon trap: reason=class_check action=maybe_recompile pc=0x0000025459c7bc10 method=org.springframework.core.annotation.AnnotatedElementUtils.getAnnotationAttributes(Lorg/springframework/core/annotation/MergedAnnotation;ZZ)Lorg/springframework/core/anno
Event: 52.766 Thread 0x00000254735a8fb0 DEOPT PACKING pc=0x0000025459c7bc10 sp=0x000000e5c6afdad0
Event: 52.766 Thread 0x00000254735a8fb0 DEOPT UNPACKING pc=0x00000254521823a3 sp=0x000000e5c6afda48 mode 2
Event: 52.788 Thread 0x00000254735a8fb0 Uncommon trap: trap_request=0xffffffbe fr.pc=0x0000025459f420e0 relative=0x00000000000013c0
Event: 52.788 Thread 0x00000254735a8fb0 Uncommon trap: reason=profile_predicate action=maybe_recompile pc=0x0000025459f420e0 method=org.springframework.core.annotation.MergedAnnotationsCollection.find(Ljava/lang/Object;Ljava/util/function/Predicate;Lorg/springframework/core/annotation/MergedAnn
Event: 52.789 Thread 0x00000254735a8fb0 DEOPT PACKING pc=0x0000025459f420e0 sp=0x000000e5c6afe1c0
Event: 52.789 Thread 0x00000254735a8fb0 DEOPT UNPACKING pc=0x00000254521823a3 sp=0x000000e5c6afe180 mode 2
Event: 52.790 Thread 0x00000254735a8fb0 Uncommon trap: trap_request=0xffffffbe fr.pc=0x0000025459f420e0 relative=0x00000000000013c0
Event: 52.790 Thread 0x00000254735a8fb0 Uncommon trap: reason=profile_predicate action=maybe_recompile pc=0x0000025459f420e0 method=org.springframework.core.annotation.MergedAnnotationsCollection.find(Ljava/lang/Object;Ljava/util/function/Predicate;Lorg/springframework/core/annotation/MergedAnn
Event: 52.790 Thread 0x00000254735a8fb0 DEOPT PACKING pc=0x0000025459f420e0 sp=0x000000e5c6afe210
Event: 52.790 Thread 0x00000254735a8fb0 DEOPT UNPACKING pc=0x00000254521823a3 sp=0x000000e5c6afe1d0 mode 2
Event: 52.795 Thread 0x00000254735a8fb0 Uncommon trap: trap_request=0xffffffbe fr.pc=0x0000025459f420e0 relative=0x00000000000013c0
Event: 52.795 Thread 0x00000254735a8fb0 Uncommon trap: reason=profile_predicate action=maybe_recompile pc=0x0000025459f420e0 method=org.springframework.core.annotation.MergedAnnotationsCollection.find(Ljava/lang/Object;Ljava/util/function/Predicate;Lorg/springframework/core/annotation/MergedAnn
Event: 52.795 Thread 0x00000254735a8fb0 DEOPT PACKING pc=0x0000025459f420e0 sp=0x000000e5c6afe1c0
Event: 52.795 Thread 0x00000254735a8fb0 DEOPT UNPACKING pc=0x00000254521823a3 sp=0x000000e5c6afe180 mode 2
Event: 52.805 Thread 0x00000254735a8fb0 Uncommon trap: trap_request=0xfffffff4 fr.pc=0x0000025459f4b528 relative=0x0000000000001668
Event: 52.805 Thread 0x00000254735a8fb0 Uncommon trap: reason=null_check action=make_not_entrant pc=0x0000025459f4b528 method=java.lang.Class.isAnnotation()Z @ 1 c2
Event: 52.805 Thread 0x00000254735a8fb0 DEOPT PACKING pc=0x0000025459f4b528 sp=0x000000e5c6afe2b0
Event: 52.805 Thread 0x00000254735a8fb0 DEOPT UNPACKING pc=0x00000254521823a3 sp=0x000000e5c6afe188 mode 2

Classes loaded (20 events):
Event: 51.870 Loading class java/util/concurrent/locks/AbstractQueuedSynchronizer$SharedNode
Event: 51.870 Loading class java/util/concurrent/locks/AbstractQueuedSynchronizer$SharedNode done
Event: 51.871 Loading class javax/management/ObjectName$PatternProperty
Event: 51.871 Loading class javax/management/ObjectName$PatternProperty done
Event: 51.875 Loading class java/util/AbstractMap$2
Event: 51.875 Loading class java/util/AbstractMap$2 done
Event: 51.876 Loading class java/util/AbstractMap$2$1
Event: 51.876 Loading class java/util/AbstractMap$2$1 done
Event: 51.897 Loading class sun/security/ssl/Alert
Event: 51.897 Loading class sun/security/ssl/Alert done
Event: 51.897 Loading class sun/security/ssl/Alert$AlertConsumer
Event: 51.898 Loading class sun/security/ssl/Alert$AlertConsumer done
Event: 51.898 Loading class sun/security/ssl/Alert$Level
Event: 51.898 Loading class sun/security/ssl/Alert$Level done
Event: 51.899 Loading class sun/net/ConnectionResetException
Event: 51.899 Loading class sun/net/ConnectionResetException done
Event: 51.980 Loading class java/lang/ref/Finalizer$2
Event: 51.981 Loading class java/lang/ref/Finalizer$2 done
Event: 51.981 Loading class java/lang/ref/Finalizer$1
Event: 51.981 Loading class java/lang/ref/Finalizer$1 done

Classes unloaded (1 events):
Event: 51.936 Thread 0x00000254490bdcb0 Unloading class 0x000000080144c000 'jdk/internal/reflect/GeneratedSerializationConstructorAccessor1'

Classes redefined (0 events):
No events

Internal exceptions (20 events):
Event: 51.901 Thread 0x00000254735ab630 Exception <a 'java/io/IOException'{0x0000000745bc2280}> (0x0000000745bc2280) 
thrown [t:\workspace\open\src\hotspot\share\prims\jni.cpp, line 516]
Event: 51.901 Thread 0x00000254735ab630 Exception <a 'java/io/IOException'{0x0000000745bc2dc0}> (0x0000000745bc2dc0) 
thrown [t:\workspace\open\src\hotspot\share\prims\jni.cpp, line 516]
Event: 51.901 Thread 0x00000254735ab630 Exception <a 'java/io/IOException'{0x0000000745bc4bc8}> (0x0000000745bc4bc8) 
thrown [t:\workspace\open\src\hotspot\share\prims\jni.cpp, line 516]
Event: 51.901 Thread 0x00000254735ab630 Exception <a 'java/io/IOException'{0x0000000745bc5708}> (0x0000000745bc5708) 
thrown [t:\workspace\open\src\hotspot\share\prims\jni.cpp, line 516]
Event: 51.902 Thread 0x00000254735ab630 Exception <a 'java/io/IOException'{0x0000000745bc7510}> (0x0000000745bc7510) 
thrown [t:\workspace\open\src\hotspot\share\prims\jni.cpp, line 516]
Event: 51.902 Thread 0x00000254735ab630 Exception <a 'java/io/IOException'{0x0000000745bc8050}> (0x0000000745bc8050) 
thrown [t:\workspace\open\src\hotspot\share\prims\jni.cpp, line 516]
Event: 51.902 Thread 0x00000254735ab630 Exception <a 'java/io/IOException'{0x0000000745bc9e58}> (0x0000000745bc9e58) 
thrown [t:\workspace\open\src\hotspot\share\prims\jni.cpp, line 516]
Event: 51.903 Thread 0x00000254735ab630 Exception <a 'java/io/IOException'{0x0000000745bca998}> (0x0000000745bca998) 
thrown [t:\workspace\open\src\hotspot\share\prims\jni.cpp, line 516]
Event: 51.904 Thread 0x00000254735ab630 Exception <a 'java/io/IOException'{0x0000000745bcc7a0}> (0x0000000745bcc7a0) 
thrown [t:\workspace\open\src\hotspot\share\prims\jni.cpp, line 516]
Event: 51.904 Thread 0x00000254735ab630 Exception <a 'java/io/IOException'{0x0000000745bcd2e0}> (0x0000000745bcd2e0) 
thrown [t:\workspace\open\src\hotspot\share\prims\jni.cpp, line 516]
Event: 51.905 Thread 0x00000254735ab630 Exception <a 'java/io/IOException'{0x0000000745bcf0e8}> (0x0000000745bcf0e8) 
thrown [t:\workspace\open\src\hotspot\share\prims\jni.cpp, line 516]
Event: 51.905 Thread 0x00000254735ab630 Exception <a 'java/io/IOException'{0x0000000745bcfc28}> (0x0000000745bcfc28) 
thrown [t:\workspace\open\src\hotspot\share\prims\jni.cpp, line 516]
Event: 51.906 Thread 0x00000254735ab630 Exception <a 'java/io/IOException'{0x0000000745bd1a30}> (0x0000000745bd1a30) 
thrown [t:\workspace\open\src\hotspot\share\prims\jni.cpp, line 516]
Event: 51.906 Thread 0x00000254735ab630 Exception <a 'java/io/IOException'{0x0000000745bd2570}> (0x0000000745bd2570) 
thrown [t:\workspace\open\src\hotspot\share\prims\jni.cpp, line 516]
Event: 51.906 Thread 0x00000254735ab630 Exception <a 'java/io/IOException'{0x0000000745bd4378}> (0x0000000745bd4378) 
thrown [t:\workspace\open\src\hotspot\share\prims\jni.cpp, line 516]
Event: 51.906 Thread 0x00000254735ab630 Exception <a 'java/io/IOException'{0x0000000745bd4eb8}> (0x0000000745bd4eb8) 
thrown [t:\workspace\open\src\hotspot\share\prims\jni.cpp, line 516]
Event: 51.907 Thread 0x00000254735ab630 Exception <a 'java/io/IOException'{0x0000000745bd6cc0}> (0x0000000745bd6cc0) 
thrown [t:\workspace\open\src\hotspot\share\prims\jni.cpp, line 516]
Event: 51.907 Thread 0x00000254735ab630 Exception <a 'java/io/IOException'{0x0000000745bd7800}> (0x0000000745bd7800) 
thrown [t:\workspace\open\src\hotspot\share\prims\jni.cpp, line 516]
Event: 52.124 Thread 0x00000254735a8fb0 Exception <a 'sun/nio/fs/WindowsException'{0x000000074e48afd0}> (0x000000074e48afd0) 
thrown [t:\workspace\open\src\hotspot\share\prims\jni.cpp, line 516]
Event: 52.805 Thread 0x00000254735a8fb0 Implicit null exception at 0x0000025459f4a319 to 0x0000025459f4b50c

VM Operations (20 events):
Event: 10.095 Executing VM operation: HandshakeAllThreads
Event: 10.095 Executing VM operation: HandshakeAllThreads done
Event: 10.375 Executing VM operation: HandshakeAllThreads
Event: 10.375 Executing VM operation: HandshakeAllThreads done
Event: 10.386 Executing VM operation: ICBufferFull
Event: 10.386 Executing VM operation: ICBufferFull done
Event: 11.398 Executing VM operation: Cleanup
Event: 11.398 Executing VM operation: Cleanup done
Event: 19.460 Executing VM operation: Cleanup
Event: 19.460 Executing VM operation: Cleanup done
Event: 24.503 Executing VM operation: Cleanup
Event: 24.503 Executing VM operation: Cleanup done
Event: 51.868 Executing VM operation: ThreadDump
Event: 51.868 Executing VM operation: ThreadDump done
Event: 51.868 Executing VM operation: ThreadDump
Event: 51.868 Executing VM operation: ThreadDump done
Event: 51.908 Executing VM operation: G1CollectFull
Event: 51.980 Executing VM operation: G1CollectFull done
Event: 52.632 Executing VM operation: ICBufferFull
Event: 52.632 Executing VM operation: ICBufferFull done

Events (20 events):
Event: 51.870 Thread 0x000002547045b5d0 Thread exited: 0x000002547045b5d0
Event: 51.870 Thread 0x00000254735a9480 Thread exited: 0x00000254735a9480
Event: 51.870 Thread 0x000002547045b100 Thread exited: 0x000002547045b100
Event: 51.871 Thread 0x00000254735abb00 Thread exited: 0x00000254735abb00
Event: 51.871 Thread 0x00000254735a7c70 Thread exited: 0x00000254735a7c70
Event: 51.871 Thread 0x00000254735a6e00 Thread exited: 0x00000254735a6e00
Event: 51.871 Thread 0x00000254735aac90 Thread exited: 0x00000254735aac90
Event: 51.871 Thread 0x00000254735a8fb0 Thread exited: 0x00000254735a8fb0
Event: 51.871 Thread 0x00000254704598f0 Thread exited: 0x00000254704598f0
Event: 51.880 Thread 0x00000254735ab630 Thread added: 0x00000254735ab630
Event: 51.880 Thread 0x0000025470458a80 Thread exited: 0x0000025470458a80
Event: 51.907 Thread 0x00000254735ab630 Thread exited: 0x00000254735ab630
Event: 51.981 Thread 0x00000254735a9e20 Thread added: 0x00000254735a9e20
Event: 52.009 Thread 0x00000254735a8fb0 Thread added: 0x00000254735a8fb0
Event: 52.009 Thread 0x00000254735a9e20 Thread exited: 0x00000254735a9e20
Event: 52.189 Thread 0x000002546fe8a2d0 Thread added: 0x000002546fe8a2d0
Event: 52.438 Thread 0x000002546fe8a2d0 Thread exited: 0x000002546fe8a2d0
Event: 52.457 Thread 0x00000254735a6e00 Thread added: 0x00000254735a6e00
Event: 52.471 Thread 0x00000254735a6e00 Thread exited: 0x00000254735a6e00
Event: 52.533 Thread 0x000002546fe8a2d0 Thread added: 0x000002546fe8a2d0


Dynamic libraries:
0x00007ff7412b0000 - 0x00007ff7412c0000 	C:\Program Files\Java\jdk-18\bin\javaw.exe
0x00007ffc4cc30000 - 0x00007ffc4ce28000 	C:\WINDOWS\SYSTEM32\ntdll.dll
0x00007ffc4ca50000 - 0x00007ffc4cb0f000 	C:\WINDOWS\System32\KERNEL32.DLL
0x00007ffc4a630000 - 0x00007ffc4a902000 	C:\WINDOWS\System32\KERNELBASE.dll
0x00007ffc4ab80000 - 0x00007ffc4ac80000 	C:\WINDOWS\System32\ucrtbase.dll
0x00007ffc39ac0000 - 0x00007ffc39ad8000 	C:\Program Files\Java\jdk-18\bin\jli.dll
0x00007ffc4b4d0000 - 0x00007ffc4b57e000 	C:\WINDOWS\System32\ADVAPI32.dll
0x00007ffc4c8b0000 - 0x00007ffc4c94e000 	C:\WINDOWS\System32\msvcrt.dll
0x00007ffc4b1b0000 - 0x00007ffc4b24c000 	C:\WINDOWS\System32\sechost.dll
0x00007ffc4ba20000 - 0x00007ffc4bb44000 	C:\WINDOWS\System32\RPCRT4.dll
0x00007ffc4b250000 - 0x00007ffc4b3f1000 	C:\WINDOWS\System32\USER32.dll
0x00007ffc4a440000 - 0x00007ffc4a462000 	C:\WINDOWS\System32\win32u.dll
0x00007ffc4cbc0000 - 0x00007ffc4cbeb000 	C:\WINDOWS\System32\GDI32.dll
0x00007ffc4a330000 - 0x00007ffc4a43f000 	C:\WINDOWS\System32\gdi32full.dll
0x00007ffc4a590000 - 0x00007ffc4a62d000 	C:\WINDOWS\System32\msvcp_win.dll
0x00007ffc393a0000 - 0x00007ffc393ba000 	C:\Program Files\Java\jdk-18\bin\VCRUNTIME140.dll
0x00007ffc38ed0000 - 0x00007ffc3916a000 	C:\WINDOWS\WinSxS\amd64_microsoft.windows.common-controls_6595b64144ccf1df_6.0.19041.1110_none_60b5254171f9507e\COMCTL32.dll
0x00007ffc3daf0000 - 0x00007ffc3dafa000 	C:\WINDOWS\SYSTEM32\VERSION.dll
0x00007ffc4b9f0000 - 0x00007ffc4ba20000 	C:\WINDOWS\System32\IMM32.DLL
0x00007ffc423d0000 - 0x00007ffc423dc000 	C:\Program Files\Java\jdk-18\bin\vcruntime140_1.dll
0x00007ffc31a40000 - 0x00007ffc31acd000 	C:\Program Files\Java\jdk-18\bin\msvcp140.dll
0x00007ffc08690000 - 0x00007ffc092a1000 	C:\Program Files\Java\jdk-18\bin\server\jvm.dll
0x00007ffc4bb50000 - 0x00007ffc4bb58000 	C:\WINDOWS\System32\PSAPI.DLL
0x00007ffc2e2c0000 - 0x00007ffc2e2c9000 	C:\WINDOWS\SYSTEM32\WSOCK32.dll
0x00007ffc4b460000 - 0x00007ffc4b4cb000 	C:\WINDOWS\System32\WS2_32.dll
0x00007ffc376e0000 - 0x00007ffc37707000 	C:\WINDOWS\SYSTEM32\WINMM.dll
0x00007ffc481f0000 - 0x00007ffc48202000 	C:\WINDOWS\SYSTEM32\kernel.appcore.dll
0x00007ffc41b00000 - 0x00007ffc41b0a000 	C:\Program Files\Java\jdk-18\bin\jimage.dll
0x00007ffc459c0000 - 0x00007ffc45ba4000 	C:\WINDOWS\SYSTEM32\DBGHELP.DLL
0x00007ffc45980000 - 0x00007ffc459b5000 	C:\WINDOWS\SYSTEM32\dbgcore.DLL
0x00007ffc4a910000 - 0x00007ffc4a992000 	C:\WINDOWS\System32\bcryptPrimitives.dll
0x00007ffc37170000 - 0x00007ffc37195000 	C:\Program Files\Java\jdk-18\bin\java.dll
0x00007ffc2c900000 - 0x00007ffc2c9d6000 	C:\Program Files\Java\jdk-18\bin\jsvml.dll
0x00007ffc4c0e0000 - 0x00007ffc4c825000 	C:\WINDOWS\System32\SHELL32.dll
0x00007ffc483f0000 - 0x00007ffc48b82000 	C:\WINDOWS\SYSTEM32\windows.storage.dll
0x00007ffc4ae50000 - 0x00007ffc4b1a5000 	C:\WINDOWS\System32\combase.dll
0x00007ffc49d90000 - 0x00007ffc49dc0000 	C:\WINDOWS\SYSTEM32\Wldp.dll
0x00007ffc4cb10000 - 0x00007ffc4cbbd000 	C:\WINDOWS\System32\SHCORE.dll
0x00007ffc4bf00000 - 0x00007ffc4bf55000 	C:\WINDOWS\System32\shlwapi.dll
0x00007ffc4a270000 - 0x00007ffc4a28f000 	C:\WINDOWS\SYSTEM32\profapi.dll
0x00007ffc37150000 - 0x00007ffc37163000 	C:\Program Files\Java\jdk-18\bin\net.dll
0x00007ffc3c8c0000 - 0x00007ffc3c9ca000 	C:\WINDOWS\SYSTEM32\WINHTTP.dll
0x00007ffc49af0000 - 0x00007ffc49b5a000 	C:\WINDOWS\system32\mswsock.dll
0x00007ffc37060000 - 0x00007ffc37076000 	C:\Program Files\Java\jdk-18\bin\nio.dll
0x00007ffc38250000 - 0x00007ffc38268000 	C:\Program Files\Java\jdk-18\bin\zip.dll
0x00007ffc45bf0000 - 0x00007ffc45bf9000 	C:\Program Files\Java\jdk-18\bin\management.dll
0x00007ffc424b0000 - 0x00007ffc424bb000 	C:\Program Files\Java\jdk-18\bin\management_ext.dll
0x00007ffc3e470000 - 0x00007ffc3e480000 	C:\Program Files\Java\jdk-18\bin\verify.dll
0x00007ffc49ce0000 - 0x00007ffc49cf8000 	C:\WINDOWS\SYSTEM32\CRYPTSP.dll
0x00007ffc49330000 - 0x00007ffc49364000 	C:\WINDOWS\system32\rsaenh.dll
0x00007ffc4a9a0000 - 0x00007ffc4a9c7000 	C:\WINDOWS\System32\bcrypt.dll
0x00007ffc4a1f0000 - 0x00007ffc4a21e000 	C:\WINDOWS\SYSTEM32\USERENV.dll
0x00007ffc49d00000 - 0x00007ffc49d0c000 	C:\WINDOWS\SYSTEM32\CRYPTBASE.dll
0x00007ffc49790000 - 0x00007ffc497cb000 	C:\WINDOWS\SYSTEM32\IPHLPAPI.DLL
0x00007ffc4c970000 - 0x00007ffc4c978000 	C:\WINDOWS\System32\NSI.dll
0x00007ffc3cd00000 - 0x00007ffc3cd17000 	C:\WINDOWS\SYSTEM32\dhcpcsvc6.DLL
0x00007ffc3cf20000 - 0x00007ffc3cf3d000 	C:\WINDOWS\SYSTEM32\dhcpcsvc.DLL
0x00007ffc497e0000 - 0x00007ffc498ab000 	C:\WINDOWS\SYSTEM32\DNSAPI.dll
0x00007ffc3e2d0000 - 0x00007ffc3e2de000 	C:\Program Files\Java\jdk-18\bin\sunmscapi.dll
0x00007ffc4a9d0000 - 0x00007ffc4ab26000 	C:\WINDOWS\System32\CRYPT32.dll
0x00007ffc49e00000 - 0x00007ffc49e27000 	C:\WINDOWS\SYSTEM32\ncrypt.dll
0x00007ffc49dc0000 - 0x00007ffc49dfb000 	C:\WINDOWS\SYSTEM32\NTASN1.dll
0x00007ffc3beb0000 - 0x00007ffc3beba000 	C:\Windows\System32\rasadhlp.dll
0x00007ffc3c1e0000 - 0x00007ffc3c260000 	C:\WINDOWS\System32\fwpuclnt.dll

dbghelp: loaded successfully - version: 4.0.5 - missing functions: none
symbol engine: initialized successfully - sym options: 0x614 - pdb path: .;C:\Program Files\Java\jdk-18\bin;C:\WINDOWS\SYSTEM32;C:\WINDOWS\WinSxS\amd64_microsoft.windows.common-controls_6595b64144ccf1df_6.0.19041.1110_none_60b5254171f9507e;C:\Program Files\Java\jdk-18\bin\server

VM Arguments:
jvm_args: -Dfile.encoding=UTF-8 -XX:+ShowCodeDetailsInExceptionMessages 
java_command: com.pro.api.GharDekhoApiApplication
java_class_path (initial): J:\GharDekhoAPI\target\classes;C:\Users\Admin\.m2\repository\org\springframework\boot\spring-boot-starter-data-jpa\3.0.5\spring-boot-starter-data-jpa-3.0.5.jar;C:\Users\Admin\.m2\repository\org\springframework\boot\spring-boot-starter-aop\3.0.5\spring-boot-starter-aop-3.0.5.jar;C:\Users\Admin\.m2\repository\org\aspectj\aspectjweaver\1.9.19\aspectjweaver-1.9.19.jar;C:\Users\Admin\.m2\repository\org\springframework\boot\spring-boot-starter-jdbc\3.0.5\spring-boot-starter-jdbc-3.0.5.jar;C:\Users\Admin\.m2\repository\com\zaxxer\HikariCP\5.0.1\HikariCP-5.0.1.jar;C:\Users\Admin\.m2\repository\org\springframework\spring-jdbc\6.0.7\spring-jdbc-6.0.7.jar;C:\Users\Admin\.m2\repository\org\hibernate\orm\hibernate-core\6.1.7.Final\hibernate-core-6.1.7.Final.jar;C:\Users\Admin\.m2\repository\jakarta\persistence\jakarta.persistence-api\3.1.0\jakarta.persistence-api-3.1.0.jar;C:\Users\Admin\.m2\repository\jakarta\transaction\jakarta.transaction-api\2.0.1\jakarta.transaction-api-2.0.1.jar;C:\Users\Admin\.m2\repository\org\jboss\logging\jboss-logging\3.5.0.Final\jboss-logging-3.5.0.Final.jar;C:\Users\Admin\.m2\repository\org\hibernate\common\hibernate-commons-annotations\6.0.6.Final\hibernate-commons-annotations-6.0.6.Final.jar;C:\Users\Admin\.m2\repository\org\jboss\jandex\2.4.2.Final\jandex-2.4.2.Final.jar;C:\Users\Admin\.m2\repository\com\fasterxml\classmate\1.5.1\classmate-1.5.1.jar;C:\Users\Admin\.m2\repository\net\bytebuddy\byte-buddy\1.12.23\byte-buddy-1.12.23.jar;C:\Users\Admin\.m2\repository\org\glassfish\jaxb\jaxb-runtime\4.0.2\jaxb-runtime-4.0.2.jar;C:\Users\Admin\.m2\repository\org\glassfish\jaxb\jaxb-core\4.0.2\jaxb-core-4.0.2.jar;C:\Users\Admin\.m2\repository\org\eclipse\angus\angus-activation\2.0.0\angus-activation-2.0.0.jar;C:\Users\Admin\.m2\repository\org\glassfish\jaxb\txw2\4.0.2\txw2-4.0.2.jar;C:\Users\Admin\.m2\repository\com\sun\istack\istack-commons-runtime\4.1.1\istack-commons-runtime-4.1.1.jar;C:\Users\Admin\.m2\repository\jakarta\inject\jakarta.inject-api\2.0.0\jakarta.inject-api-2.0.0.jar;C:\Users\Admin\.m2\repository\org\antlr\antlr4-runtime\4.10.1\antlr4-runtime-4.10.1.jar;C:\Users\Admin\.m2\repository\org\springframework\data\spring-data-jpa\3.0.4\spring-data-jpa-3.0.4.jar;C:\Users\Admin\.m2\repository\org\springframework\data\spring-data-commons\3.0.4\spring-data-commons-3.0.4.jar;C:\Users\Admin\.m2\repository\org\springframework\spring-orm\6.0.7\spring-orm-6.0.7.jar;C:\Users\Admin\.m2\repository\org\springframework\spring-context\6.0.7\spring-context-6.0.7.jar;C:\Users\Admin\.m2\repository\org\springframework\spring-tx\6.0.7\spring-tx-6.0.7.jar;C:\Users\Admin\.m2\repository\org\springframework\spring-beans\6.0.7\spring-beans-6.0.7.jar;C:\Users\Admin\.m2\repository\jakarta\annotation\jakarta.annotation-api\2.1.1\jakarta.annotation-api-2.1.1.jar;C:\Users\Admin\.m2\repository\org\slf4j\slf4j-api\2.0.7\slf4j-api-2.0.7.jar;C:\Users\Admin\.m2\repository\org\springframework\spring-aspects\6.0.7\spring-aspects-6.0.7.jar;C:\Users\Admin\.m2\repository\com\mysql\mysql-connector-j\8.0.32\mysql-connector-j-8.0.32.jar;C:\Users\Admin\.m2\repository\org\springframework\boot\spring-boot-starter-web\3.0.5\spring-boot-starter-web-3.0.5.jar;C:\Users\Admin\.m2\repository\org\springframework\boot\spring-boot-starter\3.0.5\spring-boot-starter-3.0.5.jar;C:\Users\Admin\.m2\repository\org\springframework\boot\spring-boot-starter-logging\3.0.5\spring-boot-starter-logging-3.0.5.jar;C:\Users\Admin\.m2\repository\ch\qos\logback\logback-classic\1.4.6\logback-classic-1.4.6.jar;C:\Users\Admin\.m2\repository\ch\qos\logback\logback-core\1.4.6\logback-core-1.4.6.jar;C:\Users\Admin\.m2\repository\org\apache\logging\log4j\log4j-to-slf4j\2.19.0\log4j-to-slf4j-2.19.0.jar;C:\Users\Admin\.m2\repository\org\apache\logging\log4j\log4j-api\2.19.0\log4j-api-2.19.0.jar;C:\Users\Admin\.m2\repository\org\slf4j\jul-to-slf4j\2.0.7\jul-to-slf4j-2.0.7.jar;C:\Users\Admin\.m2\repository\org\yaml\snakeyaml\1.33\snakeyaml-1.33.jar;C:\Users\Admin\.m2\repository\org\springframework\boot\spring-boot-starter-json\3.0.5\spring-boot-starter-json-3.0.5.jar;C:\Users\Admin\.m2\repository\com\fasterxml\jackson\datatype\jackson-datatype-jdk8\2.14.2\jackson-datatype-jdk8-2.14.2.jar;C:\Users\Admin\.m2\repository\com\fasterxml\jackson\datatype\jackson-datatype-jsr310\2.14.2\jackson-datatype-jsr310-2.14.2.jar;C:\Users\Admin\.m2\repository\com\fasterxml\jackson\module\jackson-module-parameter-names\2.14.2\jackson-module-parameter-names-2.14.2.jar;C:\Users\Admin\.m2\repository\org\springframework\boot\spring-boot-starter-tomcat\3.0.5\spring-boot-starter-tomcat-3.0.5.jar;C:\Users\Admin\.m2\repository\org\apache\tomcat\embed\tomcat-embed-core\10.1.7\tomcat-embed-core-10.1.7.jar;C:\Users\Admin\.m2\repository\org\apache\tomcat\embed\tomcat-embed-el\10.1.7\tomcat-embed-el-10.1.7.jar;C:\Users\Admin\.m2\repository\org\apache\tomcat\embed\tomcat-embed-websocket\10.1.7\tomcat-embed-websocket-10.1.7.jar;C:\Users\Admin\.m2\repository\org\springframework\spring-web\6.0.7\spring-web-6.0.7.jar;C:\Users\Admin\.m2\repository\io\micrometer\micrometer-observation\1.10.5\micrometer-observation-1.10.5.jar;C:\Users\Admin\.m2\repository\io\micrometer\micrometer-commons\1.10.5\micrometer-commons-1.10.5.jar;C:\Users\Admin\.m2\repository\org\springframework\spring-webmvc\6.0.7\spring-webmvc-6.0.7.jar;C:\Users\Admin\.m2\repository\org\springframework\spring-expression\6.0.7\spring-expression-6.0.7.jar;C:\Users\Admin\.m2\repository\jakarta\xml\bind\jakarta.xml.bind-api\4.0.0\jakarta.xml.bind-api-4.0.0.jar;C:\Users\Admin\.m2\repository\jakarta\activation\jakarta.activation-api\2.1.1\jakarta.activation-api-2.1.1.jar;C:\Users\Admin\.m2\repository\org\springframework\spring-core\6.0.7\spring-core-6.0.7.jar;C:\Users\Admin\.m2\repository\org\springframework\spring-jcl\6.0.7\spring-jcl-6.0.7.jar;C:\Users\Admin\.m2\repository\org\springframework\boot\spring-boot-devtools\3.0.5\spring-boot-devtools-3.0.5.jar;C:\Users\Admin\.m2\repository\org\springframework\boot\spring-boot\3.0.5\spring-boot-3.0.5.jar;C:\Users\Admin\.m2\repository\org\springframework\boot\spring-boot-autoconfigure\3.0.5\spring-boot-autoconfigure-3.0.5.jar;C:\Users\Admin\.m2\repository\org\projectlombok\lombok\1.18.26\lombok-1.18.26.jar;C:\Users\Admin\.m2\repository\org\springframework\boot\spring-boot-starter-security\3.0.5\spring-boot-starter-security-3.0.5.jar;C:\Users\Admin\.m2\repository\org\springframework\spring-aop\6.0.7\spring-aop-6.0.7.jar;C:\Users\Admin\.m2\repository\org\springframework\security\spring-security-config\6.0.2\spring-security-config-6.0.2.jar;C:\Users\Admin\.m2\repository\org\springframework\security\spring-security-core\6.0.2\spring-security-core-6.0.2.jar;C:\Users\Admin\.m2\repository\org\springframework\security\spring-security-crypto\6.0.2\spring-security-crypto-6.0.2.jar;C:\Users\Admin\.m2\repository\org\springframework\security\spring-security-web\6.0.2\spring-security-web-6.0.2.jar;C:\Users\Admin\.m2\repository\io\jsonwebtoken\jjwt-api\0.11.5\jjwt-api-0.11.5.jar;C:\Users\Admin\.m2\repository\io\jsonwebtoken\jjwt-impl\0.11.5\jjwt-impl-0.11.5.jar;C:\Users\Admin\.m2\repository\io\jsonwebtoken\jjwt-jackson\0.11.5\jjwt-jackson-0.11.5.jar;C:\Users\Admin\.m2\repository\com\fasterxml\jackson\core\jackson-databind\2.14.2\jackson-databind-2.14.2.jar;C:\Users\Admin\.m2\repository\com\fasterxml\jackson\core\jackson-annotations\2.14.2\jackson-annotations-2.14.2.jar;C:\Users\Admin\.m2\repository\com\fasterxml\jackson\core\jackson-core\2.14.2\jackson-core-2.14.2.jar
Launcher Type: SUN_STANDARD

[Global flags]
     intx CICompilerCount                          = 3                                         {product} {ergonomic}
     uint ConcGCThreads                            = 1                                         {product} {ergonomic}
     uint G1ConcRefinementThreads                  = 4                                         {product} {ergonomic}
   size_t G1HeapRegionSize                         = 2097152                                   {product} {ergonomic}
    uintx GCDrainStackTargetSize                   = 64                                        {product} {ergonomic}
   size_t InitialHeapSize                          = 199229440                                 {product} {ergonomic}
   size_t MarkStackSize                            = 4194304                                   {product} {ergonomic}
   size_t MaxHeapSize                              = 3179282432                                {product} {ergonomic}
   size_t MaxNewSize                               = 1906311168                                {product} {ergonomic}
   size_t MinHeapDeltaBytes                        = 2097152                                   {product} {ergonomic}
   size_t MinHeapSize                              = 8388608                                   {product} {ergonomic}
    uintx NonNMethodCodeHeapSize                   = 5832780                                {pd product} {ergonomic}
    uintx NonProfiledCodeHeapSize                  = 122912730                              {pd product} {ergonomic}
    uintx ProfiledCodeHeapSize                     = 122912730                              {pd product} {ergonomic}
    uintx ReservedCodeCacheSize                    = 251658240                              {pd product} {ergonomic}
     bool SegmentedCodeCache                       = true                                      {product} {ergonomic}
     bool ShowCodeDetailsInExceptionMessages       = true                                   {manageable} {command line}
   size_t SoftMaxHeapSize                          = 3179282432                             {manageable} {ergonomic}
     bool UseCompressedClassPointers               = true                           {product lp64_product} {ergonomic}
     bool UseCompressedOops                        = true                           {product lp64_product} {ergonomic}
     bool UseG1GC                                  = true                                      {product} {ergonomic}
     bool UseLargePagesIndividualAllocation        = false                                  {pd product} {ergonomic}

Logging:
Log output configuration:
 #0: stdout all=warning uptime,level,tags foldmultilines=false
 #1: stderr all=off uptime,level,tags foldmultilines=false

Environment Variables:
PATH=C:\Program Files\Common Files\Oracle\Java\javapath;C:\WINDOWS\system32;C:\WINDOWS;C:\WINDOWS\System32\Wbem;C:\WINDOWS\System32\WindowsPowerShell\v1.0\;C:\WINDOWS\System32\OpenSSH\;C:\MinGW\bin;C:\Program Files\dotnet\;C:\Program Files\Microsoft SQL Server\150\Tools\Binn\;C:\Program Files\Microsoft SQL Server\Client SDK\ODBC\170\Tools\Binn\;C:\Program Files\nodejs\;C:\Program Files (x86)\Microsoft SQL Server\150\Tools\Binn\;C:\Program Files\Microsoft SQL Server\150\DTS\Binn\;C:\Program Files (x86)\Microsoft SQL Server\150\DTS\Binn\;C:\Program Files\Azure Data Studio\bin;C:\Program Files\Git\cmd;C:\Program Files\apache-maven-3.9.1-bin\apache-maven-3.9.1\bin;C:\Users\Admin\AppData\Local\Programs\Python\Python310\Scripts\;C:\Users\Admin\AppData\Local\Programs\Python\Python310\;C:\Users\Admin\AppData\Local\Microsoft\WindowsApps;;C:\Users\Admin\AppData\Local\Programs\Microsoft VS Code\bin;C:\Users\Admin\.dotnet\tools;C:\Users\Admin\AppData\Roaming\npm;C:\Program Files\Azure Data Studio\bin;C:\Program Files\JetBrains\IntelliJ IDEA Community Edition 2023.1\bin;
USERNAME=Admin
OS=Windows_NT
PROCESSOR_IDENTIFIER=Intel64 Family 6 Model 142 Stepping 12, GenuineIntel



---------------  S Y S T E M  ---------------

OS:
 Windows 10 , 64 bit Build 19041 (10.0.19041.2546)
OS uptime: 1 days 8:54 hours

CPU: total 4 (initial active 4) (2 cores per cpu, 2 threads per core) family 6 model 142 stepping 12 microcode 0xde, cx8, cmov, fxsr, ht, mmx, 3dnowpref, sse, sse2, sse3, ssse3, sse4.1, sse4.2, popcnt, lzcnt, tsc, tscinvbit, avx, avx2, aes, erms, clmul, bmi1, bmi2, adx, fma, vzeroupper, clflush, clflushopt

Memory: 4k page, system-wide physical 12122M (1445M free)
TotalPageFile size 14170M (AvailPageFile size 4M)
current process WorkingSet (physical memory assigned to process): 240M, peak: 258M
current process commit charge ("private bytes"): 271M, peak: 327M

vm_info: Java HotSpot(TM) 64-Bit Server VM (18+36-2087) for windows-amd64 JRE (18+36-2087), built on Feb 15 2022 09:43:11 by "mach5one" with MS VC++ 16.8 / 16.9 (VS2019)

END.
